<?xml version="1.0" encoding="UTF-8"?>
<!-- Generated by org.testng.reporters.JUnitXMLReporter -->
<testsuite ignored="8" hostname="DESKTOP-AKDJE3T" failures="0" tests="7" name="Test" time="121.083" errors="0" timestamp="2024-04-03T12:52:49 EDT">
  <testcase classname="com.ebanking.master.RoleNG" name="Role" time="23.712"/>
  <testcase classname="com.ebanking.master.EmployeeNG" name="Emp" time="18.554"/>
  <testcase classname="com.ebanking.master.EmployeeNG" name="Emp" time="13.442"/>
  <testcase classname="com.ebanking.master.EmployeeNG" name="Emp" time="13.054"/>
  <testcase classname="com.ebanking.master.BranchNG" name="Br" time="14.14"/>
  <testcase classname="com.ebanking.master.BranchNG" name="Br" time="12.37"/>
  <testcase classname="com.ebanking.master.BranchNG" name="Br" time="12.324"/>
  <testcase classname="com.ebanking.master.Base" name="@BeforeSuite beforeSuite" time="0.0">
    <ignored/>
  </testcase> <!-- @BeforeSuite beforeSuite -->
  <testcase classname="com.ebanking.master.Base" name="@BeforeSuite beforeSuite" time="0.0">
    <ignored/>
  </testcase> <!-- @BeforeSuite beforeSuite -->
  <testcase classname="com.ebanking.master.Base" name="@AfterTest afterTest" time="0.0">
    <ignored/>
  </testcase> <!-- @AfterTest afterTest -->
  <testcase classname="com.ebanking.master.Base" name="@AfterSuite afterSuite" time="0.0">
    <ignored/>
  </testcase> <!-- @AfterSuite afterSuite -->
  <testcase classname="com.ebanking.master.Base" name="@AfterTest afterTest" time="0.0">
    <ignored/>
  </testcase> <!-- @AfterTest afterTest -->
  <testcase classname="com.ebanking.master.Base" name="@AfterSuite afterSuite" time="0.0">
    <ignored/>
  </testcase> <!-- @AfterSuite afterSuite -->
  <testcase classname="com.ebanking.master.Base" name="@BeforeTest beforeTest" time="0.0">
    <ignored/>
  </testcase> <!-- @BeforeTest beforeTest -->
  <testcase classname="com.ebanking.master.Base" name="@BeforeTest beforeTest" time="0.0">
    <ignored/>
  </testcase> <!-- @BeforeTest beforeTest -->
</testsuite> <!-- Test -->
